\BOOKMARK [2][-]{subsection.0.1}{\376\377\0001\000.\203\267\123\326\145\160\143\156}{}% 1
\BOOKMARK [3][-]{subsubsection.0.1.1}{\376\377\211\302\133\337\126\376\210\150\140\073\176\323\377\032}{subsection.0.1}% 2
\BOOKMARK [2][-]{subsection.0.2}{\376\377\0002\000.\122\006\122\162\213\255\176\303\226\306\124\214\155\113\213\325\226\306}{}% 3
\BOOKMARK [2][-]{subsection.0.3}{\376\377\0003\000.\150\007\213\306\145\160\143\156}{}% 4
\BOOKMARK [2][-]{subsection.0.4}{\376\377\0004\000.\122\033\136\372\162\171\137\201\145\160\143\156\122\027}{}% 5
\BOOKMARK [2][-]{subsection.0.5}{\376\377\0005\000.\220\032\217\307\000s\000k\000l\000e\000a\000r\000n\122\006\122\162\145\160\143\156}{}% 6
\BOOKMARK [2][-]{subsection.0.6}{\376\377\116\316\145\160\143\156\123\357\211\306\123\026\116\055\143\242\175\042\145\160\143\156}{}% 7
\BOOKMARK [2][-]{subsection.0.7}{\376\377\000s\000k\000l\000e\000a\000r\000n\122\006\134\102}{}% 8
\BOOKMARK [2][-]{subsection.0.8}{\376\377\134\006\127\060\164\006\145\160\143\156\123\357\211\306\123\026}{}% 9
\BOOKMARK [2][-]{subsection.0.9}{\376\377\133\373\142\176\162\171\137\201\166\370\121\163\140\047}{}% 10
\BOOKMARK [1][-]{section.1}{\376\377\147\072\126\150\133\146\116\140\173\227\154\325\166\204\145\160\143\156\121\306\131\007}{}% 11
\BOOKMARK [2][-]{subsection.1.1}{\376\377\145\160\143\156\156\005\155\027}{section.1}% 12
\BOOKMARK [2][-]{subsection.1.2}{\376\377\000s\000c\000i\000k\000i\000t\000-\000L\000e\000a\000r\000n}{section.1}% 13
\BOOKMARK [2][-]{subsection.1.3}{\376\377\131\004\164\006\145\207\147\054\124\214\122\006\174\173\134\136\140\047\040\024\040\024\217\154\143\142\126\150}{section.1}% 14
\BOOKMARK [3][-]{subsubsection.1.3.1}{\376\377\000L\000a\000b\000e\000l\000E\000n\000c\000o\000d\000e\000r\040\024\040\024\145\207\147\054\217\154\145\160\133\127\122\006\174\173}{subsection.1.3}% 15
\BOOKMARK [3][-]{subsubsection.1.3.2}{\376\377\000O\000n\000e\000H\000o\000t\000E\000n\000c\000o\000d\000e\000r\040\024\040\024\145\160\133\127\122\006\174\173\217\154\162\354\160\355\177\026\170\001}{subsection.1.3}% 16
\BOOKMARK [3][-]{subsubsection.1.3.3}{\376\377\000L\000a\000b\000e\000l\000B\000i\000n\000a\000r\000i\000z\000e\000r\040\024\040\024\116\000\153\041\133\214\142\020\116\044\116\052\217\154\143\142\000\040\145\207\147\054\040\023\145\164\145\160\174\173\127\213\000-\162\354\160\355\174\173\127\213}{subsection.1.3}% 17
\BOOKMARK [2][-]{subsection.1.4}{\376\377\201\352\133\232\116\111\217\154\143\142\126\150}{section.1}% 18
\BOOKMARK [2][-]{subsection.1.5}{\376\377\162\171\137\201\177\051\145\076}{section.1}% 19
\BOOKMARK [2][-]{subsection.1.6}{\376\377\217\154\143\142\155\101\154\064\176\277}{section.1}% 20
\BOOKMARK [2][-]{subsection.1.7}{\376\377\220\011\142\351\124\214\213\255\176\303\152\041\127\213}{section.1}% 21
\BOOKMARK [2][-]{subsection.1.8}{\376\377\176\277\140\047\126\336\137\122}{section.1}% 22
\BOOKMARK [3][-]{subsubsection.1.8.1}{\376\377\127\107\145\271\213\357\135\356}{subsection.1.8}% 23
\BOOKMARK [2][-]{subsection.1.9}{\376\377\121\263\173\126\150\021}{section.1}% 24
\BOOKMARK [2][-]{subsection.1.10}{\376\377\116\244\123\311\232\214\213\301\040\024\040\024\146\364\131\175\166\204\217\333\210\114\213\304\117\060\230\204\155\113}{section.1}% 25
\BOOKMARK [3][-]{subsubsection.1.10.1}{\376\377\121\263\173\126\150\021\166\204\116\244\123\311\232\214\213\301}{subsection.1.10}% 26
\BOOKMARK [3][-]{subsubsection.1.10.2}{\376\377\000d\000i\000s\000p\000l\000a\000y\000\137\000s\000c\000o\000r\000e\000s\000\040\217\223\121\372\232\214\213\301\120\074\060\001\136\163\127\107\232\214\213\301\120\074\060\001\232\214\213\301\120\074\166\204\154\342\122\250}{subsection.1.10}% 27
\BOOKMARK [3][-]{subsubsection.1.10.3}{\376\377\176\277\140\047\126\336\137\122\166\204\116\244\123\311\232\214\213\301}{subsection.1.10}% 28
\BOOKMARK [2][-]{subsection.1.11}{\376\377\226\217\147\072\150\356\147\227}{section.1}% 29
\BOOKMARK [2][-]{subsection.1.12}{\376\377\152\041\127\213\214\003\123\302\124\214\177\121\150\074\144\034\175\042}{section.1}% 30
\BOOKMARK [2][-]{subsection.1.13}{\376\377\226\217\147\072\144\034\175\042}{section.1}% 31
\BOOKMARK [2][-]{subsection.1.14}{\376\377\122\006\147\220\147\000\117\163\152\041\127\213}{section.1}% 32
